<?xml version="1.0" encoding="UTF-8"?>
<testng-results ignored="0" total="3" passed="3" failed="0" skipped="0">
  <reporter-output>
  </reporter-output>
  <suite started-at="2022-07-29T12:15:38 EDT" name="restAssuredAPISuite" finished-at="2022-07-29T12:15:45 EDT" duration-ms="7303">
    <groups>
    </groups>
    <test started-at="2022-07-29T12:15:38 EDT" name="restAssuredAPIRest" finished-at="2022-07-29T12:15:45 EDT" duration-ms="7303">
      <class name="testScripts.bookStoreApiTest">
        <test-method is-config="true" signature="setup()[pri:0, instance:testScripts.bookStoreApiTest@d706f19]" started-at="2022-07-29T12:15:34 EDT" name="setup" finished-at="2022-07-29T12:15:38 EDT" duration-ms="3900" status="PASS">
          <reporter-output>
          </reporter-output>
        </test-method> <!-- setup -->
        <test-method signature="getAllBooks()[pri:0, instance:testScripts.bookStoreApiTest@d706f19]" started-at="2022-07-29T12:15:38 EDT" name="getAllBooks" finished-at="2022-07-29T12:15:44 EDT" duration-ms="6100" status="PASS">
          <reporter-output>
          </reporter-output>
        </test-method> <!-- getAllBooks -->
        <test-method signature="getBookWithISBN()[pri:0, instance:testScripts.bookStoreApiTest@d706f19]" started-at="2022-07-29T12:15:44 EDT" name="getBookWithISBN" finished-at="2022-07-29T12:15:44 EDT" duration-ms="416" status="PASS">
          <reporter-output>
          </reporter-output>
        </test-method> <!-- getBookWithISBN -->
      </class> <!-- testScripts.bookStoreApiTest -->
      <class name="testScripts.createUserTest">
        <test-method is-config="true" signature="setup()[pri:0, instance:testScripts.createUserTest@61dd025]" started-at="2022-07-29T12:15:38 EDT" name="setup" finished-at="2022-07-29T12:15:38 EDT" duration-ms="21" status="PASS">
          <reporter-output>
          </reporter-output>
        </test-method> <!-- setup -->
        <test-method signature="createUser()[pri:0, instance:testScripts.createUserTest@61dd025]" started-at="2022-07-29T12:15:44 EDT" name="createUser" finished-at="2022-07-29T12:15:45 EDT" duration-ms="726" status="PASS">
          <reporter-output>
          </reporter-output>
        </test-method> <!-- createUser -->
      </class> <!-- testScripts.createUserTest -->
    </test> <!-- restAssuredAPIRest -->
  </suite> <!-- restAssuredAPISuite -->
</testng-results>
