<?xml version="1.0" encoding="UTF-8"?>
<!-- Generated by org.testng.reporters.JUnitXMLReporter -->
<testsuite ignored="0" hostname="DESKTOP-I9O6J79" failures="0" tests="3" name="restAssuredAPIRest" time="7.303" errors="0" timestamp="2022-07-29T12:15:45 EDT">
  <testcase classname="testScripts.bookStoreApiTest" name="getAllBooks" time="6.1"/>
  <testcase classname="testScripts.bookStoreApiTest" name="getBookWithISBN" time="0.416"/>
  <testcase classname="testScripts.createUserTest" name="createUser" time="0.726"/>
</testsuite> <!-- restAssuredAPIRest -->
